{
  "RSpec": {
    "coverage": {
      "/Users/lenny/turing/3module/2round/projects/rails_engine/rails_engine1/app/helpers/api/v1/merchants_helper.rb": [
        1,
        null
      ],
      "/Users/lenny/turing/3module/2round/projects/rails_engine/rails_engine1/app/helpers/application_helper.rb": [
        1,
        null
      ],
      "/Users/lenny/turing/3module/2round/projects/rails_engine/rails_engine1/app/models/customer.rb": [
        1,
        1,
        1,
        null
      ],
      "/Users/lenny/turing/3module/2round/projects/rails_engine/rails_engine1/app/controllers/api/v1/customers/customers_controller.rb": [
        1,
        1,
        null,
        1,
        1,
        null,
        null,
        1,
        1,
        null,
        null,
        1,
        1,
        null,
        null,
        1,
        1,
        null,
        null
      ],
      "/Users/lenny/turing/3module/2round/projects/rails_engine/rails_engine1/app/controllers/application_controller.rb": [
        1,
        null,
        null,
        1,
        null,
        null
      ],
      "/Users/lenny/turing/3module/2round/projects/rails_engine/rails_engine1/app/controllers/api/v1/customers/customers_find/find_controller.rb": [
        1,
        1,
        null,
        1,
        1,
        null,
        null,
        1,
        2,
        null,
        null,
        1,
        null,
        1,
        3,
        null,
        null
      ],
      "/Users/lenny/turing/3module/2round/projects/rails_engine/rails_engine1/app/controllers/api/v1/customers/customers_random/random_controller.rb": [
        1,
        1,
        1,
        1,
        null,
        null
      ],
      "/Users/lenny/turing/3module/2round/projects/rails_engine/rails_engine1/app/models/invoice.rb": [
        1,
        1,
        1,
        1,
        1,
        1,
        null
      ],
      "/Users/lenny/turing/3module/2round/projects/rails_engine/rails_engine1/app/models/transaction.rb": [
        1,
        1,
        null
      ],
      "/Users/lenny/turing/3module/2round/projects/rails_engine/rails_engine1/app/models/invoice_item.rb": [
        1,
        1,
        1,
        null
      ],
      "/Users/lenny/turing/3module/2round/projects/rails_engine/rails_engine1/app/models/item.rb": [
        1,
        1,
        1,
        null
      ],
      "/Users/lenny/turing/3module/2round/projects/rails_engine/rails_engine1/app/controllers/api/v1/invoice_items/invoice_items_controller.rb": [
        1,
        1,
        1,
        1,
        null,
        null,
        1,
        1,
        null,
        null,
        1,
        1,
        null,
        null,
        1,
        1,
        null,
        null
      ],
      "/Users/lenny/turing/3module/2round/projects/rails_engine/rails_engine1/app/controllers/api/v1/invoice_items/invoice_items_find/find_controller.rb": [
        1,
        1,
        null,
        1,
        1,
        null,
        1,
        null,
        2,
        null,
        null,
        1,
        null,
        1,
        3,
        null,
        null
      ],
      "/Users/lenny/turing/3module/2round/projects/rails_engine/rails_engine1/app/controllers/api/v1/invoice_items/invoice_items_random/random_controller.rb": [
        1,
        1,
        null,
        1,
        1,
        null,
        null
      ],
      "/Users/lenny/turing/3module/2round/projects/rails_engine/rails_engine1/app/models/merchant.rb": [
        1,
        1,
        1,
        null
      ],
      "/Users/lenny/turing/3module/2round/projects/rails_engine/rails_engine1/app/controllers/api/v1/invoices/invoices_controller.rb": [
        1,
        1,
        null,
        1,
        1,
        null,
        null,
        1,
        1,
        null,
        null,
        null,
        null,
        1,
        1,
        null,
        null,
        1,
        1,
        null,
        null,
        1,
        1,
        null,
        null,
        1,
        1,
        null,
        null,
        1,
        1,
        null,
        null
      ],
      "/Users/lenny/turing/3module/2round/projects/rails_engine/rails_engine1/app/controllers/api/v1/invoices/invoices_find/find_controller.rb": [
        1,
        1,
        null,
        1,
        1,
        null,
        1,
        null,
        2,
        null,
        null,
        1,
        null,
        1,
        3,
        null,
        null
      ],
      "/Users/lenny/turing/3module/2round/projects/rails_engine/rails_engine1/app/controllers/api/v1/invoices/invoices_random/random_controller.rb": [
        1,
        1,
        null,
        1,
        1,
        null,
        null
      ],
      "/Users/lenny/turing/3module/2round/projects/rails_engine/rails_engine1/app/controllers/api/v1/items/items_controller.rb": [
        1,
        1,
        null,
        1,
        1,
        null,
        null,
        1,
        1,
        null,
        null,
        1,
        1,
        null,
        null,
        1,
        1,
        null,
        null
      ],
      "/Users/lenny/turing/3module/2round/projects/rails_engine/rails_engine1/app/controllers/api/v1/items/items_find/find_controller.rb": [
        1,
        1,
        null,
        1,
        1,
        null,
        null,
        1,
        2,
        null,
        null,
        1,
        null,
        1,
        3,
        null,
        null
      ],
      "/Users/lenny/turing/3module/2round/projects/rails_engine/rails_engine1/app/controllers/api/v1/items/items_random/random_controller.rb": [
        1,
        1,
        1,
        1,
        null,
        null
      ],
      "/Users/lenny/turing/3module/2round/projects/rails_engine/rails_engine1/app/controllers/api/v1/merchants/merchants_controller.rb": [
        1,
        1,
        null,
        1,
        1,
        null,
        null,
        1,
        1,
        null,
        null,
        1,
        1,
        null,
        null,
        1,
        1,
        null,
        null
      ],
      "/Users/lenny/turing/3module/2round/projects/rails_engine/rails_engine1/app/controllers/api/v1/merchants/merchants_find/find_controller.rb": [
        1,
        1,
        null,
        1,
        1,
        null,
        null,
        1,
        2,
        null,
        null,
        1,
        null,
        1,
        3,
        null,
        null
      ],
      "/Users/lenny/turing/3module/2round/projects/rails_engine/rails_engine1/app/controllers/api/v1/merchants/merchants_random/random_controller.rb": [
        1,
        1,
        1,
        1,
        null,
        null
      ],
      "/Users/lenny/turing/3module/2round/projects/rails_engine/rails_engine1/app/controllers/api/v1/transactions/transactions_controller.rb": [
        1,
        1,
        1,
        1,
        null,
        null,
        1,
        1,
        null,
        null,
        1,
        1,
        null,
        null
      ],
      "/Users/lenny/turing/3module/2round/projects/rails_engine/rails_engine1/app/controllers/api/v1/transactions/transactions_find/find_controller.rb": [
        1,
        1,
        null,
        1,
        1,
        null,
        1,
        null,
        2,
        null,
        null,
        1,
        null,
        1,
        3,
        null,
        null
      ],
      "/Users/lenny/turing/3module/2round/projects/rails_engine/rails_engine1/app/controllers/api/v1/transactions/transactions_random/random_controller.rb": [
        1,
        1,
        null,
        1,
        1,
        null,
        null
      ]
    },
    "timestamp": 1460646643
  }
}
